<?xml version="1.0" encoding="UTF-8"?>
<testng-results ignored="3" total="7" passed="3" failed="1" skipped="0">
  <reporter-output>
  </reporter-output>
  <suite started-at="2021-03-01T00:24:08 EST" name="Suite" finished-at="2021-03-01T00:24:09 EST" duration-ms="150">
    <groups>
      <group name="bvt">
        <method signature="class3.method4()[pri:4, instance:testngpackage.class3@4386f16]" name="method4" class="testngpackage.class3"/>
      </group> <!-- bvt -->
    </groups>
    <test started-at="2021-03-01T00:24:08 EST" name=" Login Test" finished-at="2021-03-01T00:24:09 EST" duration-ms="60">
      <class name="testngpackage.testngclass">
        <test-method is-config="true" signature="creatDBconn()[pri:0, instance:testngpackage.testngclass@318ba8c8]" started-at="2021-03-01T00:24:08 EST" name="creatDBconn" finished-at="2021-03-01T00:24:08 EST" duration-ms="11" status="PASS">
          <reporter-output>
          </reporter-output>
        </test-method> <!-- creatDBconn -->
        <test-method is-config="true" signature="launchBrowser()[pri:0, instance:testngpackage.testngclass@318ba8c8]" started-at="2021-03-01T00:24:08 EST" name="launchBrowser" finished-at="2021-03-01T00:24:08 EST" duration-ms="1" status="PASS">
          <reporter-output>
          </reporter-output>
        </test-method> <!-- launchBrowser -->
        <test-method signature="douserReg()[pri:1, instance:testngpackage.testngclass@318ba8c8]" started-at="2021-03-01T00:24:08 EST" name="douserReg" finished-at="2021-03-01T00:24:09 EST" duration-ms="6" status="PASS">
          <reporter-output>
          </reporter-output>
        </test-method> <!-- douserReg -->
        <test-method is-config="true" signature="closeBrowser()[pri:0, instance:testngpackage.testngclass@318ba8c8]" started-at="2021-03-01T00:24:09 EST" name="closeBrowser" finished-at="2021-03-01T00:24:09 EST" duration-ms="0" status="PASS">
          <reporter-output>
          </reporter-output>
        </test-method> <!-- closeBrowser -->
        <test-method is-config="true" signature="launchBrowser()[pri:0, instance:testngpackage.testngclass@318ba8c8]" started-at="2021-03-01T00:24:09 EST" name="launchBrowser" finished-at="2021-03-01T00:24:09 EST" duration-ms="0" status="PASS">
          <reporter-output>
          </reporter-output>
        </test-method> <!-- launchBrowser -->
        <test-method signature="douserLogin()[pri:2, instance:testngpackage.testngclass@318ba8c8]" started-at="2021-03-01T00:24:09 EST" name="douserLogin" finished-at="2021-03-01T00:24:09 EST" duration-ms="1" status="PASS">
          <reporter-output>
          </reporter-output>
        </test-method> <!-- douserLogin -->
        <test-method is-config="true" signature="closeBrowser()[pri:0, instance:testngpackage.testngclass@318ba8c8]" started-at="2021-03-01T00:24:09 EST" name="closeBrowser" finished-at="2021-03-01T00:24:09 EST" duration-ms="0" status="PASS">
          <reporter-output>
          </reporter-output>
        </test-method> <!-- closeBrowser -->
        <test-method is-config="true" signature="closeDBconn()[pri:0, instance:testngpackage.testngclass@318ba8c8]" started-at="2021-03-01T00:24:09 EST" name="closeDBconn" finished-at="2021-03-01T00:24:09 EST" duration-ms="0" status="PASS">
          <reporter-output>
          </reporter-output>
        </test-method> <!-- closeDBconn -->
      </class> <!-- testngpackage.testngclass -->
    </test> <!--  Login Test -->
    <test started-at="2021-03-01T00:24:09 EST" name=" validate Title Test" finished-at="2021-03-01T00:24:09 EST" duration-ms="10">
      <class name="testngpackage.class2">
        <test-method signature="validateTitles()[pri:0, instance:testngpackage.class2@7c0c77c7]" started-at="2021-03-01T00:24:09 EST" name="validateTitles" finished-at="2021-03-01T00:24:09 EST" duration-ms="4" status="FAIL">
          <exception class="java.lang.AssertionError">
            <message>
              <![CDATA[expected [Yahoo.com] but found [Gmail.com]]]>
            </message>
            <full-stacktrace>
              <![CDATA[java.lang.AssertionError: expected [Yahoo.com] but found [Gmail.com]
at org.testng.Assert.fail(Assert.java:99)
at org.testng.Assert.failNotEquals(Assert.java:1037)
at org.testng.Assert.assertEqualsImpl(Assert.java:140)
at org.testng.Assert.assertEquals(Assert.java:122)
at org.testng.Assert.assertEquals(Assert.java:629)
at org.testng.Assert.assertEquals(Assert.java:639)
at testngpackage.class2.validateTitles(class2.java:20)
at java.base/jdk.internal.reflect.NativeMethodAccessorImpl.invoke0(Native Method)
at java.base/jdk.internal.reflect.NativeMethodAccessorImpl.invoke(NativeMethodAccessorImpl.java:64)
at java.base/jdk.internal.reflect.DelegatingMethodAccessorImpl.invoke(DelegatingMethodAccessorImpl.java:43)
at java.base/java.lang.reflect.Method.invoke(Method.java:564)
at org.testng.internal.MethodInvocationHelper.invokeMethod(MethodInvocationHelper.java:132)
at org.testng.internal.TestInvoker.invokeMethod(TestInvoker.java:599)
at org.testng.internal.TestInvoker.invokeTestMethod(TestInvoker.java:174)
at org.testng.internal.MethodRunner.runInSequence(MethodRunner.java:46)
at org.testng.internal.TestInvoker$MethodInvocationAgent.invoke(TestInvoker.java:822)
at org.testng.internal.TestInvoker.invokeTestMethods(TestInvoker.java:147)
at org.testng.internal.TestMethodWorker.invokeTestMethods(TestMethodWorker.java:146)
at org.testng.internal.TestMethodWorker.run(TestMethodWorker.java:128)
at java.base/java.util.ArrayList.forEach(ArrayList.java:1511)
at org.testng.TestRunner.privateRun(TestRunner.java:764)
at org.testng.TestRunner.run(TestRunner.java:585)
at org.testng.SuiteRunner.runTest(SuiteRunner.java:384)
at org.testng.SuiteRunner.runSequentially(SuiteRunner.java:378)
at org.testng.SuiteRunner.privateRun(SuiteRunner.java:337)
at org.testng.SuiteRunner.run(SuiteRunner.java:286)
at org.testng.SuiteRunnerWorker.runSuite(SuiteRunnerWorker.java:53)
at org.testng.SuiteRunnerWorker.run(SuiteRunnerWorker.java:96)
at org.testng.TestNG.runSuitesSequentially(TestNG.java:1218)
at org.testng.TestNG.runSuitesLocally(TestNG.java:1140)
at org.testng.TestNG.runSuites(TestNG.java:1069)
at org.testng.TestNG.run(TestNG.java:1037)
at org.testng.remote.AbstractRemoteTestNG.run(AbstractRemoteTestNG.java:115)
at org.testng.remote.RemoteTestNG.initAndRun(RemoteTestNG.java:251)
at org.testng.remote.RemoteTestNG.main(RemoteTestNG.java:77)
]]>
            </full-stacktrace>
          </exception> <!-- java.lang.AssertionError -->
          <reporter-output>
          </reporter-output>
        </test-method> <!-- validateTitles -->
      </class> <!-- testngpackage.class2 -->
    </test> <!--  validate Title Test -->
    <test started-at="2021-03-01T00:24:09 EST" name=" Dependency Test" finished-at="2021-03-01T00:24:09 EST" duration-ms="8">
      <class name="testngpackage.class3">
        <test-method signature="method4()[pri:4, instance:testngpackage.class3@4386f16]" started-at="2021-03-01T00:24:09 EST" name="method4" finished-at="2021-03-01T00:24:09 EST" duration-ms="1" status="PASS">
          <reporter-output>
          </reporter-output>
        </test-method> <!-- method4 -->
      </class> <!-- testngpackage.class3 -->
    </test> <!--  Dependency Test -->
  </suite> <!-- Suite -->
</testng-results>
